# JRE version: Java(TM) SE Runtime Environment (8.0_231-b11) (build 1.8.0_231-b11)
# Java VM: Java HotSpot(TM) 64-Bit Server VM (25.231-b11 mixed mode windows-amd64 compressed oops)
Heap:
 PSYoungGen      total 51712K, used 19411K [0x00000000d8400000, 0x00000000dd300000, 0x0000000100000000)
  eden space 41472K, 35% used [0x00000000d8400000,0x00000000d92837d8,0x00000000dac80000)
  from space 10240K, 44% used [0x00000000dac80000,0x00000000db0f1480,0x00000000db680000)
  to   space 10240K, 0% used [0x00000000dc900000,0x00000000dc900000,0x00000000dd300000)
 ParOldGen       total 54272K, used 21602K [0x0000000088c00000, 0x000000008c100000, 0x00000000d8400000)
  object space 54272K, 39% used [0x0000000088c00000,0x000000008a118a78,0x000000008c100000)
 Metaspace       used 27775K, capacity 28446K, committed 28672K, reserved 1075200K
  class space    used 3330K, capacity 3528K, committed 3584K, reserved 1048576K
GC Heap History (10 events):
Event: 15.080 GC heap before
{Heap before GC invocations=8 (full 0):
 PSYoungGen      total 35840K, used 13089K [0x00000000d8400000, 0x00000000db280000, 0x0000000100000000)
  eden space 29184K, 22% used [0x00000000d8400000,0x00000000d8a6b650,0x00000000da080000)
  from space 6656K, 97% used [0x00000000da100000,0x00000000da75d098,0x00000000da780000)
  to   space 9216K, 0% used [0x00000000da980000,0x00000000da980000,0x00000000db280000)
 ParOldGen       total 81920K, used 9606K [0x0000000088c00000, 0x000000008dc00000, 0x00000000d8400000)
  object space 81920K, 11% used [0x0000000088c00000,0x00000000895619d0,0x000000008dc00000)
 Metaspace       used 20485K, capacity 21070K, committed 21248K, reserved 1067008K
  class space    used 2540K, capacity 2698K, committed 2816K, reserved 1048576K
Event: 15.090 GC heap after
Heap after GC invocations=8 (full 0):
 PSYoungGen      total 38400K, used 4016K [0x00000000d8400000, 0x00000000db280000, 0x0000000100000000)
  eden space 29184K, 0% used [0x00000000d8400000,0x00000000d8400000,0x00000000da080000)
  from space 9216K, 43% used [0x00000000da980000,0x00000000dad6c030,0x00000000db280000)
  to   space 6656K, 0% used [0x00000000da100000,0x00000000da100000,0x00000000da780000)
 ParOldGen       total 81920K, used 11822K [0x0000000088c00000, 0x000000008dc00000, 0x00000000d8400000)
  object space 81920K, 14% used [0x0000000088c00000,0x000000008978b9f0,0x000000008dc00000)
 Metaspace       used 20485K, capacity 21070K, committed 21248K, reserved 1067008K
  class space    used 2540K, capacity 2698K, committed 2816K, reserved 1048576K
}
Event: 15.090 GC heap before
{Heap before GC invocations=9 (full 1):
 PSYoungGen      total 38400K, used 4016K [0x00000000d8400000, 0x00000000db280000, 0x0000000100000000)
  eden space 29184K, 0% used [0x00000000d8400000,0x00000000d8400000,0x00000000da080000)
  from space 9216K, 43% used [0x00000000da980000,0x00000000dad6c030,0x00000000db280000)
  to   space 6656K, 0% used [0x00000000da100000,0x00000000da100000,0x00000000da780000)
 ParOldGen       total 81920K, used 11822K [0x0000000088c00000, 0x000000008dc00000, 0x00000000d8400000)
  object space 81920K, 14% used [0x0000000088c00000,0x000000008978b9f0,0x000000008dc00000)
 Metaspace       used 20485K, capacity 21070K, committed 21248K, reserved 1067008K
  class space    used 2540K, capacity 2698K, committed 2816K, reserved 1048576K
Event: 15.173 GC heap after
Heap after GC invocations=9 (full 1):
 PSYoungGen      total 38400K, used 0K [0x00000000d8400000, 0x00000000db280000, 0x0000000100000000)
  eden space 29184K, 0% used [0x00000000d8400000,0x00000000d8400000,0x00000000da080000)
  from space 9216K, 0% used [0x00000000da980000,0x00000000da980000,0x00000000db280000)
  to   space 6656K, 0% used [0x00000000da100000,0x00000000da100000,0x00000000da780000)
 ParOldGen       total 54272K, used 11102K [0x0000000088c00000, 0x000000008c100000, 0x00000000d8400000)
  object space 54272K, 20% used [0x0000000088c00000,0x00000000896d7958,0x000000008c100000)
 Metaspace       used 20485K, capacity 21070K, committed 21248K, reserved 1067008K
  class space    used 2540K, capacity 2698K, committed 2816K, reserved 1048576K
}
Event: 15.910 GC heap before
{Heap before GC invocations=10 (full 1):
 PSYoungGen      total 38400K, used 29147K [0x00000000d8400000, 0x00000000db280000, 0x0000000100000000)
  eden space 29184K, 99% used [0x00000000d8400000,0x00000000da076de8,0x00000000da080000)
  from space 9216K, 0% used [0x00000000da980000,0x00000000da980000,0x00000000db280000)
  to   space 6656K, 0% used [0x00000000da100000,0x00000000da100000,0x00000000da780000)
 ParOldGen       total 54272K, used 11102K [0x0000000088c00000, 0x000000008c100000, 0x00000000d8400000)
  object space 54272K, 20% used [0x0000000088c00000,0x00000000896d7958,0x000000008c100000)
 Metaspace       used 22352K, capacity 22926K, committed 23168K, reserved 1069056K
  class space    used 2740K, capacity 2890K, committed 2944K, reserved 1048576K
Event: 15.922 GC heap after
Heap after GC invocations=10 (full 1):
 PSYoungGen      total 36352K, used 6349K [0x00000000d8400000, 0x00000000dbf80000, 0x0000000100000000)
  eden space 29696K, 0% used [0x00000000d8400000,0x00000000d8400000,0x00000000da100000)
  from space 6656K, 95% used [0x00000000da100000,0x00000000da733728,0x00000000da780000)
  to   space 9216K, 0% used [0x00000000db680000,0x00000000db680000,0x00000000dbf80000)
 ParOldGen       total 54272K, used 11102K [0x0000000088c00000, 0x000000008c100000, 0x00000000d8400000)
  object space 54272K, 20% used [0x0000000088c00000,0x00000000896d7958,0x000000008c100000)
 Metaspace       used 22352K, capacity 22926K, committed 23168K, reserved 1069056K
  class space    used 2740K, capacity 2890K, committed 2944K, reserved 1048576K
}
Event: 16.585 GC heap before
{Heap before GC invocations=11 (full 1):
 PSYoungGen      total 36352K, used 36045K [0x00000000d8400000, 0x00000000dbf80000, 0x0000000100000000)
  eden space 29696K, 100% used [0x00000000d8400000,0x00000000da100000,0x00000000da100000)
  from space 6656K, 95% used [0x00000000da100000,0x00000000da733728,0x00000000da780000)
  to   space 9216K, 0% used [0x00000000db680000,0x00000000db680000,0x00000000dbf80000)
 ParOldGen       total 54272K, used 11102K [0x0000000088c00000, 0x000000008c100000, 0x00000000d8400000)
  object space 54272K, 20% used [0x0000000088c00000,0x00000000896d7958,0x000000008c100000)
 Metaspace       used 23123K, capacity 23680K, committed 23936K, reserved 1071104K
  class space    used 2793K, capacity 2924K, committed 2944K, reserved 1048576K
Event: 16.604 GC heap after
Heap after GC invocations=11 (full 1):
 PSYoungGen      total 50688K, used 9214K [0x00000000d8400000, 0x00000000dc280000, 0x0000000100000000)
  eden space 41472K, 0% used [0x00000000d8400000,0x00000000d8400000,0x00000000dac80000)
  from space 9216K, 99% used [0x00000000db680000,0x00000000dbf7fbb8,0x00000000dbf80000)
  to   space 10240K, 0% used [0x00000000dac80000,0x00000000dac80000,0x00000000db680000)
 ParOldGen       total 54272K, used 12618K [0x0000000088c00000, 0x000000008c100000, 0x00000000d8400000)
  object space 54272K, 23% used [0x0000000088c00000,0x0000000089852a20,0x000000008c100000)
 Metaspace       used 23123K, capacity 23680K, committed 23936K, reserved 1071104K
  class space    used 2793K, capacity 2924K, committed 2944K, reserved 1048576K
}
Event: 18.669 GC heap before
{Heap before GC invocations=12 (full 1):
 PSYoungGen      total 50688K, used 50686K [0x00000000d8400000, 0x00000000dc280000, 0x0000000100000000)
  eden space 41472K, 100% used [0x00000000d8400000,0x00000000dac80000,0x00000000dac80000)
  from space 9216K, 99% used [0x00000000db680000,0x00000000dbf7fbb8,0x00000000dbf80000)
  to   space 10240K, 0% used [0x00000000dac80000,0x00000000dac80000,0x00000000db680000)
 ParOldGen       total 54272K, used 12618K [0x0000000088c00000, 0x000000008c100000, 0x00000000d8400000)
  object space 54272K, 23% used [0x0000000088c00000,0x0000000089852a20,0x000000008c100000)
 Metaspace       used 24923K, capacity 25584K, committed 25728K, reserved 1071104K
  class space    used 2951K, capacity 3127K, committed 3200K, reserved 1048576K
Event: 18.692 GC heap after
Heap after GC invocations=12 (full 1):
 PSYoungGen      total 51712K, used 4549K [0x00000000d8400000, 0x00000000dd300000, 0x0000000100000000)
  eden space 41472K, 0% used [0x00000000d8400000,0x00000000d8400000,0x00000000dac80000)
  from space 10240K, 44% used [0x00000000dac80000,0x00000000db0f1480,0x00000000db680000)
  to   space 10240K, 0% used [0x00000000dc900000,0x00000000dc900000,0x00000000dd300000)
 ParOldGen       total 54272K, used 21602K [0x0000000088c00000, 0x000000008c100000, 0x00000000d8400000)
  object space 54272K, 39% used [0x0000000088c00000,0x000000008a118a78,0x000000008c100000)
 Metaspace       used 24923K, capacity 25584K, committed 25728K, reserved 1071104K
  class space    used 2951K, capacity 3127K, committed 3200K, reserved 1048576K
}

